Unity Editor version:    2022.3.12f1 (4fe6e059c7ef)
Branch:                  2022.3/release
Build type:              Release
Batch mode:              YES
macOS version:           Version 14.4 (Build 23E214)
Darwin version:          23.4.0
Architecture:            arm64
Running under Rosetta:   NO
Available memory:        32768 MB
Using pre-set license
Pro License: YES

COMMAND LINE ARGUMENTS:
/Applications/Unity/Hub/Editor/2022.3.12f1/Unity.app/Contents/MacOS/Unity
-adb2
-batchMode
-noUpm
-name
AssetImportWorker3
-projectPath
/Users/lennonalvarez146/Documents/GitHub/Final-Project/Final Project
-logFile
Logs/AssetImportWorker3.log
-srvPort
49369
Successfully changed project path to: /Users/lennonalvarez146/Documents/GitHub/Final-Project/Final Project
/Users/lennonalvarez146/Documents/GitHub/Final-Project/Final Project
[UnityMemory] Configuration Parameters - Can be set up in boot.config
    "memorysetup-bucket-allocator-granularity=16"
    "memorysetup-bucket-allocator-bucket-count=8"
    "memorysetup-bucket-allocator-block-size=33554432"
    "memorysetup-bucket-allocator-block-count=8"
    "memorysetup-main-allocator-block-size=16777216"
    "memorysetup-thread-allocator-block-size=16777216"
    "memorysetup-gfx-main-allocator-block-size=16777216"
    "memorysetup-gfx-thread-allocator-block-size=16777216"
    "memorysetup-cache-allocator-block-size=4194304"
    "memorysetup-typetree-allocator-block-size=2097152"
    "memorysetup-profiler-bucket-allocator-granularity=16"
    "memorysetup-profiler-bucket-allocator-bucket-count=8"
    "memorysetup-profiler-bucket-allocator-block-size=33554432"
    "memorysetup-profiler-bucket-allocator-block-count=8"
    "memorysetup-profiler-allocator-block-size=16777216"
    "memorysetup-profiler-editor-allocator-block-size=1048576"
    "memorysetup-temp-allocator-size-main=16777216"
    "memorysetup-job-temp-allocator-block-size=2097152"
    "memorysetup-job-temp-allocator-block-size-background=1048576"
    "memorysetup-job-temp-allocator-reduction-small-platforms=262144"
    "memorysetup-allocator-temp-initial-block-size-main=262144"
    "memorysetup-allocator-temp-initial-block-size-worker=262144"
    "memorysetup-temp-allocator-size-background-worker=32768"
    "memorysetup-temp-allocator-size-job-worker=262144"
    "memorysetup-temp-allocator-size-preload-manager=33554432"
    "memorysetup-temp-allocator-size-nav-mesh-worker=65536"
    "memorysetup-temp-allocator-size-audio-worker=65536"
    "memorysetup-temp-allocator-size-cloud-worker=32768"
    "memorysetup-temp-allocator-size-gi-baking-worker=262144"
    "memorysetup-temp-allocator-size-gfx=262144"
Player connection [8344763072] Host "[IP] 10.194.21.245 [Port] 0 [Flags] 2 [Guid] 178174215 [EditorId] 178174215 [Version] 1048832 [Id] OSXEditor(0,mac-studio-5.rusd.edu) [Debug] 1 [PackageName] OSXEditor [ProjectName] Editor" joined multi-casting on [225.0.0.222:54997]...

Player connection [8344763072] Host "[IP] 10.194.21.245 [Port] 0 [Flags] 2 [Guid] 178174215 [EditorId] 178174215 [Version] 1048832 [Id] OSXEditor(0,mac-studio-5.rusd.edu) [Debug] 1 [PackageName] OSXEditor [ProjectName] Editor" joined alternative multi-casting on [225.0.0.222:34997]...

[Physics::Module] Initialized MultithreadedJobDispatcher with 11 workers.
Refreshing native plugins compatible for Editor in 2.10 ms, found 2 plugins.
Preloading 0 native plugins for Editor in 0.00 ms.
Initialize engine version: 2022.3.12f1 (4fe6e059c7ef)
[Subsystems] Discovering subsystems at path /Applications/Unity/Hub/Editor/2022.3.12f1/Unity.app/Contents/Resources/UnitySubsystems
[Subsystems] Discovering subsystems at path /Users/lennonalvarez146/Documents/GitHub/Final-Project/Final Project/Assets
GfxDevice: creating device client; threaded=0; jobified=0
 preferred device: Apple M2 Max (high power)
Metal devices available: 1
0: Apple M2 Max (high power)
Using device Apple M2 Max (high power)
Initializing Metal device caps: Apple M2 Max
Initialize mono
Mono path[0] = '/Applications/Unity/Hub/Editor/2022.3.12f1/Unity.app/Contents/Managed'
Mono path[1] = '/Applications/Unity/Hub/Editor/2022.3.12f1/Unity.app/Contents/MonoBleedingEdge/lib/mono/unityjit-macos'
Mono config path = '/Applications/Unity/Hub/Editor/2022.3.12f1/Unity.app/Contents/MonoBleedingEdge/etc'
Using monoOptions --debugger-agent=transport=dt_socket,embedding=1,server=y,suspend=n,address=127.0.0.1:56784
Begin MonoManager ReloadAssembly
Registering precompiled unity dll's ...
Register platform support module: /Applications/Unity/Hub/Editor/2022.3.12f1/PlaybackEngines/WebGLSupport/UnityEditor.WebGL.Extensions.dll
Register platform support module: /Applications/Unity/Hub/Editor/2022.3.12f1/Unity.app/Contents/PlaybackEngines/MacStandaloneSupport/UnityEditor.OSXStandalone.Extensions.dll
Registered in 0.000953 seconds.
- Loaded All Assemblies, in  0.169 seconds
Native extension for OSXStandalone target not found
Native extension for WebGL target not found
Mono: successfully reloaded assembly
- Finished resetting the current domain, in  0.122 seconds
Domain Reload Profiling: 292ms
	BeginReloadAssembly (38ms)
		ExecutionOrderSort (0ms)
		DisableScriptedObjects (0ms)
		BackupInstance (0ms)
		ReleaseScriptingObjects (0ms)
		CreateAndSetChildDomain (0ms)
	RebuildCommonClasses (21ms)
	RebuildNativeTypeToScriptingClass (7ms)
	initialDomainReloadingComplete (25ms)
	LoadAllAssembliesAndSetupDomain (78ms)
		LoadAssemblies (37ms)
		RebuildTransferFunctionScriptingTraits (0ms)
		AnalyzeDomain (78ms)
			TypeCache.Refresh (77ms)
				TypeCache.ScanAssembly (70ms)
			ScanForSourceGeneratedMonoScriptInfo (0ms)
			ResolveRequiredComponents (0ms)
	FinalizeReload (123ms)
		ReleaseScriptCaches (0ms)
		RebuildScriptCaches (0ms)
		SetupLoadedEditorAssemblies (91ms)
			LogAssemblyErrors (0ms)
			InitializePlatformSupportModulesInManaged (4ms)
			SetLoadedEditorAssemblies (3ms)
			RefreshPlugins (0ms)
			BeforeProcessingInitializeOnLoad (1ms)
			ProcessInitializeOnLoadAttributes (62ms)
			ProcessInitializeOnLoadMethodAttributes (21ms)
			AfterProcessingInitializeOnLoad (0ms)
			EditorAssembliesLoaded (0ms)
		ExecutionOrderSort2 (0ms)
		AwakeInstancesAfterBackupRestoration (0ms)
========================================================================
Worker process is ready to serve import requests
Begin MonoManager ReloadAssembly
- Loaded All Assemblies, in  0.277 seconds
Refreshing native plugins compatible for Editor in 0.74 ms, found 2 plugins.
Native extension for OSXStandalone target not found
Native extension for WebGL target not found
Package Manager log level set to [2]
[Package Manager] Server::EnsureServerProcessIsRunning -- launch failed, reason: Unity was launched with the -noUpm command-line argument
[Package Manager] UpmClient::Send -- Unable to send message (not connected to UPM process).
[Package Manager] Cannot connect to Unity Package Manager local server
Mono: successfully reloaded assembly
- Finished resetting the current domain, in  0.273 seconds
Domain Reload Profiling: 550ms
	BeginReloadAssembly (60ms)
		ExecutionOrderSort (0ms)
		DisableScriptedObjects (3ms)
		BackupInstance (0ms)
		ReleaseScriptingObjects (0ms)
		CreateAndSetChildDomain (14ms)
	RebuildCommonClasses (20ms)
	RebuildNativeTypeToScriptingClass (7ms)
	initialDomainReloadingComplete (18ms)
	LoadAllAssembliesAndSetupDomain (172ms)
		LoadAssemblies (102ms)
		RebuildTransferFunctionScriptingTraits (0ms)
		AnalyzeDomain (96ms)
			TypeCache.Refresh (88ms)
				TypeCache.ScanAssembly (79ms)
			ScanForSourceGeneratedMonoScriptInfo (6ms)
			ResolveRequiredComponents (2ms)
	FinalizeReload (273ms)
		ReleaseScriptCaches (0ms)
		RebuildScriptCaches (0ms)
		SetupLoadedEditorAssemblies (194ms)
			LogAssemblyErrors (0ms)
			InitializePlatformSupportModulesInManaged (3ms)
			SetLoadedEditorAssemblies (2ms)
			RefreshPlugins (0ms)
			BeforeProcessingInitializeOnLoad (26ms)
			ProcessInitializeOnLoadAttributes (155ms)
			ProcessInitializeOnLoadMethodAttributes (8ms)
			AfterProcessingInitializeOnLoad (0ms)
			EditorAssembliesLoaded (0ms)
		ExecutionOrderSort2 (0ms)
		AwakeInstancesAfterBackupRestoration (2ms)
Launching external process: /Applications/Unity/Hub/Editor/2022.3.12f1/Unity.app/Contents/Tools/UnityShaderCompiler
Launched and connected shader compiler UnityShaderCompiler after 0.03 seconds
Refreshing native plugins compatible for Editor in 0.64 ms, found 2 plugins.
Preloading 0 native plugins for Editor in 0.00 ms.
Unloading 3097 Unused Serialized files (Serialized files now loaded: 0)
Unloading 32 unused Assets / (51.2 KB). Loaded Objects now: 3559.
Memory consumption went from 129.2 MB to 129.1 MB.
Total: 2.014833 ms (FindLiveObjects: 0.086500 ms CreateObjectMapping: 0.033834 ms MarkObjects: 1.830917 ms  DeleteObjects: 0.063000 ms)

AssetImportParameters requested are different than current active one (requested -> active):
  custom:container-demuxer-ogg: 62fdf1f143b41e24485cea50d1cbac27 -> 
  custom:video-decoder-ogg-theora: a1e56fd34408186e4bbccfd4996cb3dc -> 
  custom:CustomObjectIndexerAttribute: 756ad292c208cfabdd7b50bc23989ffe -> 
  custom:container-demuxer-webm: 4f35f7cbe854078d1ac9338744f61a02 -> 
  custom:container-muxer-webm: aa71ff27fc2769a1b78a27578f13a17b -> 
  custom:video-decoder-webm-vp8: 9c59270c3fd7afecdb556c50c9e8de78 -> 
  custom:SearchIndexIgnoredProperties: e643bd26f0fe6173181afceb89e7c659 -> 
  custom:AudioImporter_EditorPlatform: 3918e3fc78b5a79bad01e8451be0beb8 -> 
  custom:framework-osx-AVFoundation: e770b220cccbd017edd2c1fefb359320 -> 
  custom:video-encoder-webm-vp8: eb34c28f22e8b96e1ab97ce403110664 -> 
  custom:audio-decoder-ogg-vorbis: bf7c407c2cedff20999df2af8eb42d56 -> 
  custom:audio-encoder-webm-vorbis: bf7c407c2cedff20999df2af8eb42d56 -> 
========================================================================
Received Import Request.
  Time since last request: 330.118391 seconds.
  path: Assets/Gunegon Asset/Enviorment/KayKit_DungeonRemastered_1.0_SOURCE 2/Assets/PlayStation 3 - Green Day Rock Band - Billie Joe Armstrong American Idiot/americanidiot_pants_norm.png
  artifactKey: Guid(ced9014c7fe87412b99e18580cc3b292) Importer(815301076,1909f56bfc062723c751e8b465ee728b)
Start importing Assets/Gunegon Asset/Enviorment/KayKit_DungeonRemastered_1.0_SOURCE 2/Assets/PlayStation 3 - Green Day Rock Band - Billie Joe Armstrong American Idiot/americanidiot_pants_norm.png using Guid(ced9014c7fe87412b99e18580cc3b292) Importer(815301076,1909f56bfc062723c751e8b465ee728b)  -> (artifact id: 'c1dfc15708acad2c5595beb23160f41c') in 0.042694 seconds
Number of updated asset objects reloaded before import = 0
Number of asset objects unloaded after import = 2
========================================================================
Received Import Request.
  Time since last request: 0.000029 seconds.
  path: Assets/Gunegon Asset/Enviorment/KayKit_DungeonRemastered_1.0_SOURCE 2/Assets/PlayStation 3 - Green Day Rock Band - Billie Joe Armstrong American Idiot/billiejoehair_norm.png
  artifactKey: Guid(e7f1406c412794a2f81fd510d81b7fd6) Importer(815301076,1909f56bfc062723c751e8b465ee728b)
Start importing Assets/Gunegon Asset/Enviorment/KayKit_DungeonRemastered_1.0_SOURCE 2/Assets/PlayStation 3 - Green Day Rock Band - Billie Joe Armstrong American Idiot/billiejoehair_norm.png using Guid(e7f1406c412794a2f81fd510d81b7fd6) Importer(815301076,1909f56bfc062723c751e8b465ee728b)  -> (artifact id: '1e8e6442093f830f04b51741f38bcb1a') in 0.004252 seconds
Number of updated asset objects reloaded before import = 0
Number of asset objects unloaded after import = 2
========================================================================
Received Import Request.
  Time since last request: 0.000101 seconds.
  path: Assets/Gunegon Asset/Enviorment/KayKit_DungeonRemastered_1.0_SOURCE 2/Assets/PlayStation 3 - Green Day Rock Band - Billie Joe Armstrong American Idiot/billiejoebody_norm.png
  artifactKey: Guid(b8943261a051544ec8ce2527db425610) Importer(815301076,1909f56bfc062723c751e8b465ee728b)
Start importing Assets/Gunegon Asset/Enviorment/KayKit_DungeonRemastered_1.0_SOURCE 2/Assets/PlayStation 3 - Green Day Rock Band - Billie Joe Armstrong American Idiot/billiejoebody_norm.png using Guid(b8943261a051544ec8ce2527db425610) Importer(815301076,1909f56bfc062723c751e8b465ee728b)  -> (artifact id: '2ee5976a107262d4e9556084c0e66a39') in 0.003844 seconds
Number of updated asset objects reloaded before import = 0
Number of asset objects unloaded after import = 2
========================================================================
Received Import Request.
  Time since last request: 0.000082 seconds.
  path: Assets/Gunegon Asset/Enviorment/KayKit_DungeonRemastered_1.0_SOURCE 2/Assets/PlayStation 3 - Green Day Rock Band - Billie Joe Armstrong American Idiot/skin_detail_normals.png
  artifactKey: Guid(29d2c0afe66dc40e589cc16ed87949ef) Importer(815301076,1909f56bfc062723c751e8b465ee728b)
Start importing Assets/Gunegon Asset/Enviorment/KayKit_DungeonRemastered_1.0_SOURCE 2/Assets/PlayStation 3 - Green Day Rock Band - Billie Joe Armstrong American Idiot/skin_detail_normals.png using Guid(29d2c0afe66dc40e589cc16ed87949ef) Importer(815301076,1909f56bfc062723c751e8b465ee728b)  -> (artifact id: '353e5c08fd79bcac918543c1868ef0a0') in 0.004094 seconds
Number of updated asset objects reloaded before import = 0
Number of asset objects unloaded after import = 2
========================================================================
Received Import Request.
  Time since last request: 0.000066 seconds.
  path: Assets/Gunegon Asset/Enviorment/KayKit_DungeonRemastered_1.0_SOURCE 2/Assets/PlayStation 3 - Green Day Rock Band - Billie Joe Armstrong American Idiot/americanidiot_torso_spec.png
  artifactKey: Guid(1e31f2a59d92e4999af3cd7e82610424) Importer(815301076,1909f56bfc062723c751e8b465ee728b)
Start importing Assets/Gunegon Asset/Enviorment/KayKit_DungeonRemastered_1.0_SOURCE 2/Assets/PlayStation 3 - Green Day Rock Band - Billie Joe Armstrong American Idiot/americanidiot_torso_spec.png using Guid(1e31f2a59d92e4999af3cd7e82610424) Importer(815301076,1909f56bfc062723c751e8b465ee728b)  -> (artifact id: '7e0e4486b717b416e6b59b620058622d') in 0.003145 seconds
Number of updated asset objects reloaded before import = 0
Number of asset objects unloaded after import = 2
========================================================================
Received Import Request.
  Time since last request: 0.000066 seconds.
  path: Assets/Gunegon Asset/Enviorment/KayKit_DungeonRemastered_1.0_SOURCE 2/Assets/PlayStation 3 - Green Day Rock Band - Billie Joe Armstrong American Idiot/americanidiot_pants_spec2.png
  artifactKey: Guid(6a974dab1946a44f3b8ebfa4d6f3fe29) Importer(815301076,1909f56bfc062723c751e8b465ee728b)
Start importing Assets/Gunegon Asset/Enviorment/KayKit_DungeonRemastered_1.0_SOURCE 2/Assets/PlayStation 3 - Green Day Rock Band - Billie Joe Armstrong American Idiot/americanidiot_pants_spec2.png using Guid(6a974dab1946a44f3b8ebfa4d6f3fe29) Importer(815301076,1909f56bfc062723c751e8b465ee728b)  -> (artifact id: '88783732b856238c6dcf251745301b13') in 0.003143 seconds
Number of updated asset objects reloaded before import = 0
Number of asset objects unloaded after import = 2
========================================================================
Received Import Request.
  Time since last request: 9.570227 seconds.
  path: Assets/Gunegon Asset/Enviorment/KayKit_DungeonRemastered_1.0_SOURCE 2/Assets/obj/banner_green.obj
  artifactKey: Guid(64395391606944554b54639048bc206c) Importer(815301076,1909f56bfc062723c751e8b465ee728b)
Start importing Assets/Gunegon Asset/Enviorment/KayKit_DungeonRemastered_1.0_SOURCE 2/Assets/obj/banner_green.obj using Guid(64395391606944554b54639048bc206c) Importer(815301076,1909f56bfc062723c751e8b465ee728b)  -> (artifact id: '078203b4102bf5f17c081eec99e9758e') in 0.050921 seconds
Number of updated asset objects reloaded before import = 0
Number of asset objects unloaded after import = 11
========================================================================
Received Import Request.
  Time since last request: 0.000028 seconds.
  path: Assets/Gunegon Asset/Enviorment/KayKit_DungeonRemastered_1.0_SOURCE 2/Assets/obj/banner_patternC_yellow.obj
  artifactKey: Guid(21cf98a4dfbd94add95eeca2e7bef960) Importer(815301076,1909f56bfc062723c751e8b465ee728b)
Start importing Assets/Gunegon Asset/Enviorment/KayKit_DungeonRemastered_1.0_SOURCE 2/Assets/obj/banner_patternC_yellow.obj using Guid(21cf98a4dfbd94add95eeca2e7bef960) Importer(815301076,1909f56bfc062723c751e8b465ee728b)  -> (artifact id: 'e97c4d98798fe327d4e2c232e2141af4') in 0.008410 seconds
Number of updated asset objects reloaded before import = 0
Number of asset objects unloaded after import = 11
========================================================================
Received Import Request.
  Time since last request: 0.000037 seconds.
  path: Assets/Gunegon Asset/Enviorment/KayKit_DungeonRemastered_1.0_SOURCE 2/Assets/obj/banner_thin_blue.obj
  artifactKey: Guid(a857e4440e94643028f23c5fec1d9749) Importer(815301076,1909f56bfc062723c751e8b465ee728b)
Start importing Assets/Gunegon Asset/Enviorment/KayKit_DungeonRemastered_1.0_SOURCE 2/Assets/obj/banner_thin_blue.obj using Guid(a857e4440e94643028f23c5fec1d9749) Importer(815301076,1909f56bfc062723c751e8b465ee728b)  -> (artifact id: 'b44e9175982e000f3d488f1aef8691d5') in 0.007955 seconds
Number of updated asset objects reloaded before import = 0
Number of asset objects unloaded after import = 11
========================================================================
Received Import Request.
  Time since last request: 0.000034 seconds.
  path: Assets/Gunegon Asset/Enviorment/KayKit_DungeonRemastered_1.0_SOURCE 2/Assets/obj/banner_patternC_brown.obj
  artifactKey: Guid(070469eaeebda415abc2ee564ab9635a) Importer(815301076,1909f56bfc062723c751e8b465ee728b)
Start importing Assets/Gunegon Asset/Enviorment/KayKit_DungeonRemastered_1.0_SOURCE 2/Assets/obj/banner_patternC_brown.obj using Guid(070469eaeebda415abc2ee564ab9635a) Importer(815301076,1909f56bfc062723c751e8b465ee728b)  -> (artifact id: '0c7501a738cb4db52c196c6fe3180916') in 0.007799 seconds
Number of updated asset objects reloaded before import = 0
Number of asset objects unloaded after import = 11
========================================================================
Received Import Request.
  Time since last request: 0.000038 seconds.
  path: Assets/Gunegon Asset/Enviorment/KayKit_DungeonRemastered_1.0_SOURCE 2/Assets/obj/banner_patternA_brown.obj
  artifactKey: Guid(a320ad5ca37394b3587c65d7fda9b63d) Importer(815301076,1909f56bfc062723c751e8b465ee728b)
Start importing Assets/Gunegon Asset/Enviorment/KayKit_DungeonRemastered_1.0_SOURCE 2/Assets/obj/banner_patternA_brown.obj using Guid(a320ad5ca37394b3587c65d7fda9b63d) Importer(815301076,1909f56bfc062723c751e8b465ee728b)  -> (artifact id: 'f928014e54c4b0d853185a12e3f2801a') in 0.008864 seconds
Number of updated asset objects reloaded before import = 0
Number of asset objects unloaded after import = 11
========================================================================
Received Import Request.
  Time since last request: 0.000040 seconds.
  path: Assets/Gunegon Asset/Enviorment/KayKit_DungeonRemastered_1.0_SOURCE 2/Assets/obj/banner_shield_red.obj
  artifactKey: Guid(30c2358f2c0a04447a9e1d66ba34dcfd) Importer(815301076,1909f56bfc062723c751e8b465ee728b)
Start importing Assets/Gunegon Asset/Enviorment/KayKit_DungeonRemastered_1.0_SOURCE 2/Assets/obj/banner_shield_red.obj using Guid(30c2358f2c0a04447a9e1d66ba34dcfd) Importer(815301076,1909f56bfc062723c751e8b465ee728b)  -> (artifact id: '961ce431d78dc1a44c944ce44c911e00') in 0.008984 seconds
Number of updated asset objects reloaded before import = 0
Number of asset objects unloaded after import = 11
========================================================================
Received Import Request.
  Time since last request: 0.000084 seconds.
  path: Assets/Gunegon Asset/Enviorment/KayKit_DungeonRemastered_1.0_SOURCE 2/Assets/obj/banner_patternA_red.obj
  artifactKey: Guid(a79c928b971e24e55bb582f0ccf28070) Importer(815301076,1909f56bfc062723c751e8b465ee728b)
Start importing Assets/Gunegon Asset/Enviorment/KayKit_DungeonRemastered_1.0_SOURCE 2/Assets/obj/banner_patternA_red.obj using Guid(a79c928b971e24e55bb582f0ccf28070) Importer(815301076,1909f56bfc062723c751e8b465ee728b)  -> (artifact id: '5c37935055caf9bc7bf027efe6211e5c') in 0.008033 seconds
Number of updated asset objects reloaded before import = 0
Number of asset objects unloaded after import = 11
========================================================================
Received Import Request.
  Time since last request: 0.000045 seconds.
  path: Assets/Gunegon Asset/Enviorment/KayKit_DungeonRemastered_1.0_SOURCE 2/Assets/obj/banner_patternC_blue.obj
  artifactKey: Guid(80d312c46a2a14e1986e646b0b9ff2d9) Importer(815301076,1909f56bfc062723c751e8b465ee728b)
Start importing Assets/Gunegon Asset/Enviorment/KayKit_DungeonRemastered_1.0_SOURCE 2/Assets/obj/banner_patternC_blue.obj using Guid(80d312c46a2a14e1986e646b0b9ff2d9) Importer(815301076,1909f56bfc062723c751e8b465ee728b)  -> (artifact id: 'b265c95cabc818e44126e894631283f5') in 0.010121 seconds
Number of updated asset objects reloaded before import = 0
Number of asset objects unloaded after import = 11
========================================================================
Received Import Request.
  Time since last request: 0.000040 seconds.
  path: Assets/Gunegon Asset/Enviorment/KayKit_DungeonRemastered_1.0_SOURCE 2/Assets/obj/banner_thin_green.obj
  artifactKey: Guid(98863030f2e3540f0ad6efc4edf3827b) Importer(815301076,1909f56bfc062723c751e8b465ee728b)
Start importing Assets/Gunegon Asset/Enviorment/KayKit_DungeonRemastered_1.0_SOURCE 2/Assets/obj/banner_thin_green.obj using Guid(98863030f2e3540f0ad6efc4edf3827b) Importer(815301076,1909f56bfc062723c751e8b465ee728b)  -> (artifact id: '0e34e81252622f00b53a36553b856dca') in 0.008958 seconds
Number of updated asset objects reloaded before import = 0
Number of asset objects unloaded after import = 11
Editor requested this worker to shutdown with reason: Scaling down because of idle timeout
TcpMessagingSession - receive error: operation aborted. errorcode: 89, details: Operation aborted.
AssetImportWorker is now disconnected from the server
Process exiting
